Build started 2015-10-27 22:28:41.
     1>Project "C:\Users\Michał\Documents\GitHub\misha\Automizer2\Automizer2\Automizer2.vcxproj" on node 2 (Rebuild target(s)).
     1>ClCompile:
         C:\Program Files (x86)\Microsoft Visual Studio 12.0\VC\bin\CL.exe /c /ZI /nologo /W3 /WX- /sdl /Od /Oy- /D WIN32 /D _DEBUG /D _CONSOLE /D _LIB /D _UNICODE /D UNICODE /Gm /EHsc /RTC1 /MDd /GS /fp:precise /Zc:wchar_t /Zc:forScope /Yc"stdafx.h" /Fp"Debug\Automizer2.pch" /Fo"Debug\\" /Fd"Debug\vc120.pdb" /Gd /TP /analyze- /errorReport:prompt stdafx.cpp
         stdafx.cpp
         C:\Program Files (x86)\Microsoft Visual Studio 12.0\VC\bin\CL.exe /c /ZI /nologo /W3 /WX- /sdl /Od /Oy- /D WIN32 /D _DEBUG /D _CONSOLE /D _LIB /D _UNICODE /D UNICODE /Gm /EHsc /RTC1 /MDd /GS /fp:precise /Zc:wchar_t /Zc:forScope /Yu"stdafx.h" /Fp"Debug\Automizer2.pch" /Fo"Debug\\" /Fd"Debug\vc120.pdb" /Gd /TP /analyze- /errorReport:prompt Automizer2.cpp Hand.cpp Place.cpp
         Place.cpp
         Hand.cpp
         Automizer2.cpp
     1>c:\users\michał\documents\github\misha\automizer2\automizer2\function.h(47): warning C4018: '<' : signed/unsigned mismatch
     1>c:\users\michał\documents\github\misha\automizer2\automizer2\algo_funkcje.h(432): warning C4244: 'argument' : conversion from 'time_t' to 'unsigned int', possible loss of data
     1>c:\users\michał\documents\github\misha\automizer2\automizer2\automizer2.cpp(475): warning C4244: 'argument' : conversion from 'time_t' to 'unsigned int', possible loss of data
         Generating Code...
       Link:
         C:\Program Files (x86)\Microsoft Visual Studio 12.0\VC\bin\link.exe /ERRORREPORT:PROMPT /OUT:"C:\Users\Michał\Documents\GitHub\misha\Automizer2\Debug\Automizer2.exe" /INCREMENTAL /NOLOGO kernel32.lib user32.lib gdi32.lib winspool.lib comdlg32.lib advapi32.lib shell32.lib ole32.lib oleaut32.lib uuid.lib odbc32.lib odbccp32.lib /MANIFEST /MANIFESTUAC:"level='asInvoker' uiAccess='false'" /manifest:embed /DEBUG /PDB:"C:\Users\Michał\Documents\GitHub\misha\Automizer2\Debug\Automizer2.pdb" /SUBSYSTEM:CONSOLE /TLBID:1 /DYNAMICBASE /NXCOMPAT /IMPLIB:"C:\Users\Michał\Documents\GitHub\misha\Automizer2\Debug\Automizer2.lib" /MACHINE:X86 Debug\Automizer2.obj
         Debug\Hand.obj
         Debug\Place.obj
         Debug\stdafx.obj
         Automizer2.vcxproj -> C:\Users\Michał\Documents\GitHub\misha\Automizer2\Debug\Automizer2.exe
     1>Done Building Project "C:\Users\Michał\Documents\GitHub\misha\Automizer2\Automizer2\Automizer2.vcxproj" (Rebuild target(s)).

Build succeeded.

Time Elapsed 00:00:07.86
