c:\repozytorium testowe\misha\automizer2\screenshoter\screenshoter\screenshoter\debug\screenshoter.pch
c:\repozytorium testowe\misha\automizer2\screenshoter\screenshoter\screenshoter\debug\vc120.pdb
c:\repozytorium testowe\misha\automizer2\screenshoter\screenshoter\screenshoter\debug\vc120.idb
c:\repozytorium testowe\misha\automizer2\screenshoter\screenshoter\screenshoter\debug\stdafx.obj
c:\repozytorium testowe\misha\automizer2\screenshoter\screenshoter\screenshoter\debug\screenshoter.obj
c:\repozytorium testowe\misha\automizer2\screenshoter\screenshoter\debug\screenshoter.ilk
c:\repozytorium testowe\misha\automizer2\screenshoter\screenshoter\debug\screenshoter.exe
c:\repozytorium testowe\misha\automizer2\screenshoter\screenshoter\debug\screenshoter.pdb
c:\users\michał\documents\github\misha\automizer2\handle\screenshoter\screenshoter\debug\screenshoter.obj
c:\users\michał\documents\github\misha\automizer2\handle\screenshoter\screenshoter\debug\stdafx.obj
c:\users\michał\documents\github\misha\automizer2\handle\screenshoter\screenshoter\debug\screenshoter.pch
c:\users\michał\documents\github\misha\automizer2\handle\screenshoter\screenshoter\debug\vc120.idb
c:\users\michał\documents\github\misha\automizer2\handle\screenshoter\screenshoter\debug\vc120.pdb
c:\users\michał\documents\github\misha\automizer2\handle\screenshoter\debug\screenshoter.pdb
c:\users\michał\documents\github\misha\automizer2\handle\screenshoter\debug\screenshoter.exe
c:\users\michał\documents\github\misha\automizer2\handle\screenshoter\debug\screenshoter.ilk
c:\users\michał\documents\github\misha\automizer2\handle\screenshoter\screenshoter\debug\screenshoter.tlog\cl.command.1.tlog
c:\users\michał\documents\github\misha\automizer2\handle\screenshoter\screenshoter\debug\screenshoter.tlog\cl.read.1.tlog
c:\users\michał\documents\github\misha\automizer2\handle\screenshoter\screenshoter\debug\screenshoter.tlog\cl.write.1.tlog
c:\users\michał\documents\github\misha\automizer2\handle\screenshoter\screenshoter\debug\screenshoter.tlog\link.command.1.tlog
c:\users\michał\documents\github\misha\automizer2\handle\screenshoter\screenshoter\debug\screenshoter.tlog\link.read.1.tlog
c:\users\michał\documents\github\misha\automizer2\handle\screenshoter\screenshoter\debug\screenshoter.tlog\link.write.1.tlog
