c:\users\michał\documents\github\misha\consoleapplication1\debug\consoleapplication1.pch
c:\users\michał\documents\github\misha\consoleapplication1\debug\vc120.pdb
c:\users\michał\documents\github\misha\consoleapplication1\debug\vc120.idb
c:\users\michał\documents\github\misha\consoleapplication1\debug\stdafx.obj
c:\users\michał\documents\github\misha\consoleapplication1\debug\consoleapplication1.obj
c:\users\michał\documents\github\misha\consoleapplication1\debug\hand.obj
c:\users\michał\documents\github\misha\consoleapplication1\debug\place.obj
c:\users\michał\documents\github\misha\consoleapplication1\debug\handeval.obj
c:\users\michał\documents\github\misha\consoleapplication1\debug\showdown.obj
c:\users\michał\documents\github\misha\debug\consoleapplication1.pdb
c:\users\michał\documents\github\misha\consoleapplication1\debug\consolea.03c351fe.tlog\cl.command.1.tlog
c:\users\michał\documents\github\misha\consoleapplication1\debug\consolea.03c351fe.tlog\cl.read.1.tlog
c:\users\michał\documents\github\misha\consoleapplication1\debug\consolea.03c351fe.tlog\cl.write.1.tlog
c:\users\michał\documents\github\misha\consoleapplication1\debug\consolea.03c351fe.tlog\link-cvtres.read.1.tlog
c:\users\michał\documents\github\misha\consoleapplication1\debug\consolea.03c351fe.tlog\link-cvtres.write.1.tlog
c:\users\michał\documents\github\misha\consoleapplication1\debug\consolea.03c351fe.tlog\link-rc.read.1.tlog
c:\users\michał\documents\github\misha\consoleapplication1\debug\consolea.03c351fe.tlog\link-rc.write.1.tlog
c:\users\michał\documents\github\misha\consoleapplication1\debug\consolea.03c351fe.tlog\link.command.1.tlog
c:\users\michał\documents\github\misha\consoleapplication1\debug\consolea.03c351fe.tlog\link.read.1.tlog
c:\users\michał\documents\github\misha\consoleapplication1\debug\consolea.03c351fe.tlog\link.write.1.tlog
