Build started 2015-10-17 14:09:53.
     1>Project "D:\Automizer\misha\ConsoleApplication1\ConsoleApplication1.vcxproj" on node 2 (Rebuild target(s)).
     1>ClCompile:
         C:\Program Files (x86)\Microsoft Visual Studio 12.0\VC\bin\CL.exe /c /ZI /nologo /W3 /WX- /sdl /Od /Oy- /D WIN32 /D _DEBUG /D _CONSOLE /D _LIB /D _UNICODE /D UNICODE /Gm /EHsc /RTC1 /MDd /GS /fp:precise /Zc:wchar_t /Zc:forScope /Yc"stdafx.h" /Fp"Debug\ConsoleApplication1.pch" /Fo"Debug\\" /Fd"Debug\vc120.pdb" /Gd /TP /analyze- /errorReport:prompt stdafx.cpp
         stdafx.cpp
         C:\Program Files (x86)\Microsoft Visual Studio 12.0\VC\bin\CL.exe /c /ZI /nologo /W3 /WX- /sdl /Od /Oy- /D WIN32 /D _DEBUG /D _CONSOLE /D _LIB /D _UNICODE /D UNICODE /Gm /EHsc /RTC1 /MDd /GS /fp:precise /Zc:wchar_t /Zc:forScope /Yu"stdafx.h" /Fp"Debug\ConsoleApplication1.pch" /Fo"Debug\\" /Fd"Debug\vc120.pdb" /Gd /TP /analyze- /errorReport:prompt ConsoleApplication1.cpp Hand.cpp Place.cpp
         Place.cpp
         Hand.cpp
         ConsoleApplication1.cpp
     1>d:\automizer\misha\consoleapplication1\function.h(47): warning C4018: '<' : signed/unsigned mismatch
     1>d:\automizer\misha\consoleapplication1\algo_funkcje.h(1618): warning C4244: 'argument' : conversion from 'time_t' to 'unsigned int', possible loss of data
         Generating Code...
     1>d:\automizer\misha\consoleapplication1\algo_funkcje.h(1309): warning C4715: 'algo_funkcje::whatHand' : not all control paths return a value
     1>d:\automizer\misha\consoleapplication1\algo_funkcje.h(830): warning C4715: 'algo_funkcje::uklad7' : not all control paths return a value
       Link:
         C:\Program Files (x86)\Microsoft Visual Studio 12.0\VC\bin\link.exe /ERRORREPORT:PROMPT /OUT:"D:\Automizer\misha\Debug\ConsoleApplication1.exe" /INCREMENTAL /NOLOGO kernel32.lib user32.lib gdi32.lib winspool.lib comdlg32.lib advapi32.lib shell32.lib ole32.lib oleaut32.lib uuid.lib odbc32.lib odbccp32.lib /MANIFEST /MANIFESTUAC:"level='asInvoker' uiAccess='false'" /manifest:embed /DEBUG /PDB:"D:\Automizer\misha\Debug\ConsoleApplication1.pdb" /SUBSYSTEM:CONSOLE /TLBID:1 /DYNAMICBASE /NXCOMPAT /IMPLIB:"D:\Automizer\misha\Debug\ConsoleApplication1.lib" /MACHINE:X86 Debug\ConsoleApplication1.obj
         Debug\Hand.obj
         Debug\Place.obj
         Debug\stdafx.obj
         ConsoleApplication1.vcxproj -> D:\Automizer\misha\Debug\ConsoleApplication1.exe
     1>Done Building Project "D:\Automizer\misha\ConsoleApplication1\ConsoleApplication1.vcxproj" (Rebuild target(s)).

Build succeeded.

Time Elapsed 00:00:04.11
